// 同步 ID: 23e32296 @ Thu Jul  2 11:53:52 UTC 2026
// 同步 ID: 4f35593f @ Sat Jul  4 08:12:02 UTC 2026
// 同步 ID: 6009fd88 @ Sat Jul  4 12:49:36 UTC 2026
// 重构日志: 66211fa3
// 重构日志: f1d53429
// 重构日志: 967ac1b8
// 重构日志: e6a623b3
// 重构日志: 7002d036
// 同步 ID: e2613264 @ Wed Jul  8 20:59:42 UTC 2026
// 重构日志: 6cd67fc7
// 同步 ID: 251d8373 @ Thu Jul  9 17:29:06 UTC 2026
// 重构日志: 1a6a70ae
// 重构日志: 999305ea
// 同步 ID: 57aa1cd8 @ Sat Jul 11 14:59:38 UTC 2026
// 同步 ID: 1cbce770 @ Sun Jul 12 08:12:27 UTC 2026
// 同步 ID: 90b20024 @ Tue Jul 14 06:50:47 UTC 2026
// 重构日志: 711e982d
// 同步 ID: edf8f53b @ Thu Jul 16 12:18:19 UTC 2026
// 重构日志: 3d933e71
// 同步 ID: 9197ae35 @ Sat Jul 18 11:48:03 UTC 2026
